{
  "timestamp": "2025-09-20T19:27:07.827Z",
  "buildTime": "13.69",
  "totalModules": 25,
  "passed": 0,
  "failed": 25,
  "results": [
    {
      "module": "auto-journal",
      "status": "FAILED",
      "error": "Command failed: node scripts/auto-test-crud.js --entity auto_journal --module auto-journal\n- Detecting CRUD configuration...\n✔ Configuration detected\n- Generating test file...\n✔ Test file generated: auto-journal-crud.test.js\n❌ Test execution failed: Command failed: npx jest /Users/san/Documents/PRD/heraerp-prd/tests/generated/auto-journal-crud.test.js --verbose --no-coverage\n● Validation Error:\n\n  Test environment jest-environment-jsdom cannot be found. Make sure the testEnvironment configuration option points to an existing node module.\n\n  Configuration Documentation:\n  https://jestjs.io/docs/configuration\n\n\nAs of Jest 28 \"jest-environment-jsdom\" is no longer shipped by default, make sure to install it separately.\n\n"
    },
    {
      "module": "finance",
      "status": "FAILED",
      "error": "Command failed: node scripts/auto-test-crud.js --entity finance --module finance\n- Detecting CRUD configuration...\n✔ Configuration detected\n- Generating test file...\n✔ Test file generated: finance-crud.test.js\n❌ Test execution failed: Command failed: npx jest /Users/san/Documents/PRD/heraerp-prd/tests/generated/finance-crud.test.js --verbose --no-coverage\n● Validation Error:\n\n  Test environment jest-environment-jsdom cannot be found. Make sure the testEnvironment configuration option points to an existing node module.\n\n  Configuration Documentation:\n  https://jestjs.io/docs/configuration\n\n\nAs of Jest 28 \"jest-environment-jsdom\" is no longer shipped by default, make sure to install it separately.\n\n"
    },
    {
      "module": "mcp-batch-wizard",
      "status": "FAILED",
      "error": "Command failed: node scripts/auto-test-crud.js --entity mcp_batch_wizard --module mcp-batch-wizard\n- Detecting CRUD configuration...\n✔ Configuration detected\n- Generating test file...\n✔ Test file generated: mcp-batch-wizard-crud.test.js\n❌ Test execution failed: Command failed: npx jest /Users/san/Documents/PRD/heraerp-prd/tests/generated/mcp-batch-wizard-crud.test.js --verbose --no-coverage\n● Validation Error:\n\n  Test environment jest-environment-jsdom cannot be found. Make sure the testEnvironment configuration option points to an existing node module.\n\n  Configuration Documentation:\n  https://jestjs.io/docs/configuration\n\n\nAs of Jest 28 \"jest-environment-jsdom\" is no longer shipped by default, make sure to install it separately.\n\n"
    },
    {
      "module": "mcp-page-wizard",
      "status": "FAILED",
      "error": "Command failed: node scripts/auto-test-crud.js --entity mcp_page_wizard --module mcp-page-wizard\n- Detecting CRUD configuration...\n✔ Configuration detected\n- Generating test file...\n✔ Test file generated: mcp-page-wizard-crud.test.js\n❌ Test execution failed: Command failed: npx jest /Users/san/Documents/PRD/heraerp-prd/tests/generated/mcp-page-wizard-crud.test.js --verbose --no-coverage\n● Validation Error:\n\n  Test environment jest-environment-jsdom cannot be found. Make sure the testEnvironment configuration option points to an existing node module.\n\n  Configuration Documentation:\n  https://jestjs.io/docs/configuration\n\n\nAs of Jest 28 \"jest-environment-jsdom\" is no longer shipped by default, make sure to install it separately.\n\n"
    },
    {
      "module": "mcp-tools",
      "status": "FAILED",
      "error": "Command failed: node scripts/auto-test-crud.js --entity mcp_tools --module mcp-tools\n- Detecting CRUD configuration...\n✔ Configuration detected\n- Generating test file...\n✔ Test file generated: mcp-tools-crud.test.js\n❌ Test execution failed: Command failed: npx jest /Users/san/Documents/PRD/heraerp-prd/tests/generated/mcp-tools-crud.test.js --verbose --no-coverage\n● Validation Error:\n\n  Test environment jest-environment-jsdom cannot be found. Make sure the testEnvironment configuration option points to an existing node module.\n\n  Configuration Documentation:\n  https://jestjs.io/docs/configuration\n\n\nAs of Jest 28 \"jest-environment-jsdom\" is no longer shipped by default, make sure to install it separately.\n\n"
    },
    {
      "module": "restaurant",
      "status": "FAILED",
      "error": "Command failed: node scripts/auto-test-crud.js --entity restaurant --module restaurant\n- Detecting CRUD configuration...\n✔ Configuration detected\n- Generating test file...\n✔ Test file generated: restaurant-crud.test.js\n❌ Test execution failed: Command failed: npx jest /Users/san/Documents/PRD/heraerp-prd/tests/generated/restaurant-crud.test.js --verbose --no-coverage\n● Validation Error:\n\n  Test environment jest-environment-jsdom cannot be found. Make sure the testEnvironment configuration option points to an existing node module.\n\n  Configuration Documentation:\n  https://jestjs.io/docs/configuration\n\n\nAs of Jest 28 \"jest-environment-jsdom\" is no longer shipped by default, make sure to install it separately.\n\n"
    },
    {
      "module": "salon-data",
      "status": "FAILED",
      "error": "Command failed: node scripts/auto-test-crud.js --entity salon --module salon-data\n- Detecting CRUD configuration...\n✔ Configuration detected\n- Generating test file...\n✔ Test file generated: salon-data-crud.test.js\n❌ Test execution failed: Command failed: npx jest /Users/san/Documents/PRD/heraerp-prd/tests/generated/salon-data-crud.test.js --verbose --no-coverage\n● Validation Error:\n\n  Test environment jest-environment-jsdom cannot be found. Make sure the testEnvironment configuration option points to an existing node module.\n\n  Configuration Documentation:\n  https://jestjs.io/docs/configuration\n\n\nAs of Jest 28 \"jest-environment-jsdom\" is no longer shipped by default, make sure to install it separately.\n\n"
    },
    {
      "module": "accounting-periods",
      "status": "FAILED",
      "error": "Command failed: node scripts/auto-test-crud.js --entity accounting_periods --module accounting-periods\n- Detecting CRUD configuration...\n✔ Configuration detected\n- Generating test file...\n✔ Test file generated: accounting-periods-crud.test.js\n❌ Test execution failed: Command failed: npx jest /Users/san/Documents/PRD/heraerp-prd/tests/generated/accounting-periods-crud.test.js --verbose --no-coverage\n● Validation Error:\n\n  Test environment jest-environment-jsdom cannot be found. Make sure the testEnvironment configuration option points to an existing node module.\n\n  Configuration Documentation:\n  https://jestjs.io/docs/configuration\n\n\nAs of Jest 28 \"jest-environment-jsdom\" is no longer shipped by default, make sure to install it separately.\n\n"
    },
    {
      "module": "budgets",
      "status": "FAILED",
      "error": "Command failed: node scripts/auto-test-crud.js --entity budgets --module budgets\n- Detecting CRUD configuration...\n✔ Configuration detected\n- Generating test file...\n✔ Test file generated: budgets-crud.test.js\n❌ Test execution failed: Command failed: npx jest /Users/san/Documents/PRD/heraerp-prd/tests/generated/budgets-crud.test.js --verbose --no-coverage\n● Validation Error:\n\n  Test environment jest-environment-jsdom cannot be found. Make sure the testEnvironment configuration option points to an existing node module.\n\n  Configuration Documentation:\n  https://jestjs.io/docs/configuration\n\n\nAs of Jest 28 \"jest-environment-jsdom\" is no longer shipped by default, make sure to install it separately.\n\n"
    },
    {
      "module": "construction",
      "status": "FAILED",
      "error": "Command failed: node scripts/auto-test-crud.js --entity construction --module construction\n- Detecting CRUD configuration...\n✔ Configuration detected\n- Generating test file...\n✔ Test file generated: construction-crud.test.js\n❌ Test execution failed: Command failed: npx jest /Users/san/Documents/PRD/heraerp-prd/tests/generated/construction-crud.test.js --verbose --no-coverage\n● Validation Error:\n\n  Test environment jest-environment-jsdom cannot be found. Make sure the testEnvironment configuration option points to an existing node module.\n\n  Configuration Documentation:\n  https://jestjs.io/docs/configuration\n\n\nAs of Jest 28 \"jest-environment-jsdom\" is no longer shipped by default, make sure to install it separately.\n\n"
    },
    {
      "module": "email-analytics",
      "status": "FAILED",
      "error": "Command failed: node scripts/auto-test-crud.js --entity email_analytics --module email-analytics\n- Detecting CRUD configuration...\n✔ Configuration detected\n- Generating test file...\n✔ Test file generated: email-analytics-crud.test.js\n❌ Test execution failed: Command failed: npx jest /Users/san/Documents/PRD/heraerp-prd/tests/generated/email-analytics-crud.test.js --verbose --no-coverage\n● Validation Error:\n\n  Test environment jest-environment-jsdom cannot be found. Make sure the testEnvironment configuration option points to an existing node module.\n\n  Configuration Documentation:\n  https://jestjs.io/docs/configuration\n\n\nAs of Jest 28 \"jest-environment-jsdom\" is no longer shipped by default, make sure to install it separately.\n\n"
    },
    {
      "module": "email-campaigns",
      "status": "FAILED",
      "error": "Command failed: node scripts/auto-test-crud.js --entity email_campaigns --module email-campaigns\n- Detecting CRUD configuration...\n✔ Configuration detected\n- Generating test file...\n✔ Test file generated: email-campaigns-crud.test.js\n❌ Test execution failed: Command failed: npx jest /Users/san/Documents/PRD/heraerp-prd/tests/generated/email-campaigns-crud.test.js --verbose --no-coverage\n● Validation Error:\n\n  Test environment jest-environment-jsdom cannot be found. Make sure the testEnvironment configuration option points to an existing node module.\n\n  Configuration Documentation:\n  https://jestjs.io/docs/configuration\n\n\nAs of Jest 28 \"jest-environment-jsdom\" is no longer shipped by default, make sure to install it separately.\n\n"
    },
    {
      "module": "email-webhooks",
      "status": "FAILED",
      "error": "Command failed: node scripts/auto-test-crud.js --entity email_webhooks --module email-webhooks\n- Detecting CRUD configuration...\n✔ Configuration detected\n- Generating test file...\n✔ Test file generated: email-webhooks-crud.test.js\n❌ Test execution failed: Command failed: npx jest /Users/san/Documents/PRD/heraerp-prd/tests/generated/email-webhooks-crud.test.js --verbose --no-coverage\n● Validation Error:\n\n  Test environment jest-environment-jsdom cannot be found. Make sure the testEnvironment configuration option points to an existing node module.\n\n  Configuration Documentation:\n  https://jestjs.io/docs/configuration\n\n\nAs of Jest 28 \"jest-environment-jsdom\" is no longer shipped by default, make sure to install it separately.\n\n"
    },
    {
      "module": "live-conversion",
      "status": "FAILED",
      "error": "Command failed: node scripts/auto-test-crud.js --entity live_conversion --module live-conversion\n- Detecting CRUD configuration...\n✔ Configuration detected\n- Generating test file...\n✔ Test file generated: live-conversion-crud.test.js\n❌ Test execution failed: Command failed: npx jest /Users/san/Documents/PRD/heraerp-prd/tests/generated/live-conversion-crud.test.js --verbose --no-coverage\n● Validation Error:\n\n  Test environment jest-environment-jsdom cannot be found. Make sure the testEnvironment configuration option points to an existing node module.\n\n  Configuration Documentation:\n  https://jestjs.io/docs/configuration\n\n\nAs of Jest 28 \"jest-environment-jsdom\" is no longer shipped by default, make sure to install it separately.\n\n"
    },
    {
      "module": "market-data",
      "status": "FAILED",
      "error": "Command failed: node scripts/auto-test-crud.js --entity market --module market-data\n- Detecting CRUD configuration...\n✔ Configuration detected\n- Generating test file...\n✔ Test file generated: market-data-crud.test.js\n❌ Test execution failed: Command failed: npx jest /Users/san/Documents/PRD/heraerp-prd/tests/generated/market-data-crud.test.js --verbose --no-coverage\n● Validation Error:\n\n  Test environment jest-environment-jsdom cannot be found. Make sure the testEnvironment configuration option points to an existing node module.\n\n  Configuration Documentation:\n  https://jestjs.io/docs/configuration\n\n\nAs of Jest 28 \"jest-environment-jsdom\" is no longer shipped by default, make sure to install it separately.\n\n"
    },
    {
      "module": "metrics",
      "status": "FAILED",
      "error": "Command failed: node scripts/auto-test-crud.js --entity metrics --module metrics\n- Detecting CRUD configuration...\n✔ Configuration detected\n- Generating test file...\n✔ Test file generated: metrics-crud.test.js\n❌ Test execution failed: Command failed: npx jest /Users/san/Documents/PRD/heraerp-prd/tests/generated/metrics-crud.test.js --verbose --no-coverage\n● Validation Error:\n\n  Test environment jest-environment-jsdom cannot be found. Make sure the testEnvironment configuration option points to an existing node module.\n\n  Configuration Documentation:\n  https://jestjs.io/docs/configuration\n\n\nAs of Jest 28 \"jest-environment-jsdom\" is no longer shipped by default, make sure to install it separately.\n\n"
    },
    {
      "module": "multi-currency",
      "status": "FAILED",
      "error": "Command failed: node scripts/auto-test-crud.js --entity multi_currency --module multi-currency\n- Detecting CRUD configuration...\n✔ Configuration detected\n- Generating test file...\n✔ Test file generated: multi-currency-crud.test.js\n❌ Test execution failed: Command failed: npx jest /Users/san/Documents/PRD/heraerp-prd/tests/generated/multi-currency-crud.test.js --verbose --no-coverage\n● Validation Error:\n\n  Test environment jest-environment-jsdom cannot be found. Make sure the testEnvironment configuration option points to an existing node module.\n\n  Configuration Documentation:\n  https://jestjs.io/docs/configuration\n\n\nAs of Jest 28 \"jest-environment-jsdom\" is no longer shipped by default, make sure to install it separately.\n\n"
    },
    {
      "module": "playbook-metrics",
      "status": "FAILED",
      "error": "Command failed: node scripts/auto-test-crud.js --entity playbook_metrics --module playbook-metrics\n- Detecting CRUD configuration...\n✔ Configuration detected\n- Generating test file...\n✔ Test file generated: playbook-metrics-crud.test.js\n❌ Test execution failed: Command failed: npx jest /Users/san/Documents/PRD/heraerp-prd/tests/generated/playbook-metrics-crud.test.js --verbose --no-coverage\n● Validation Error:\n\n  Test environment jest-environment-jsdom cannot be found. Make sure the testEnvironment configuration option points to an existing node module.\n\n  Configuration Documentation:\n  https://jestjs.io/docs/configuration\n\n\nAs of Jest 28 \"jest-environment-jsdom\" is no longer shipped by default, make sure to install it separately.\n\n"
    },
    {
      "module": "playbook-orchestrator",
      "status": "FAILED",
      "error": "Command failed: node scripts/auto-test-crud.js --entity playbook_orchestrator --module playbook-orchestrator\n- Detecting CRUD configuration...\n✔ Configuration detected\n- Generating test file...\n✔ Test file generated: playbook-orchestrator-crud.test.js\n❌ Test execution failed: Command failed: npx jest /Users/san/Documents/PRD/heraerp-prd/tests/generated/playbook-orchestrator-crud.test.js --verbose --no-coverage\n● Validation Error:\n\n  Test environment jest-environment-jsdom cannot be found. Make sure the testEnvironment configuration option points to an existing node module.\n\n  Configuration Documentation:\n  https://jestjs.io/docs/configuration\n\n\nAs of Jest 28 \"jest-environment-jsdom\" is no longer shipped by default, make sure to install it separately.\n\n"
    },
    {
      "module": "playbook-runs",
      "status": "FAILED",
      "error": "Command failed: node scripts/auto-test-crud.js --entity playbook_runs --module playbook-runs\n- Detecting CRUD configuration...\n✔ Configuration detected\n- Generating test file...\n✔ Test file generated: playbook-runs-crud.test.js\n❌ Test execution failed: Command failed: npx jest /Users/san/Documents/PRD/heraerp-prd/tests/generated/playbook-runs-crud.test.js --verbose --no-coverage\n● Validation Error:\n\n  Test environment jest-environment-jsdom cannot be found. Make sure the testEnvironment configuration option points to an existing node module.\n\n  Configuration Documentation:\n  https://jestjs.io/docs/configuration\n\n\nAs of Jest 28 \"jest-environment-jsdom\" is no longer shipped by default, make sure to install it separately.\n\n"
    },
    {
      "module": "playbooks",
      "status": "FAILED",
      "error": "Command failed: node scripts/auto-test-crud.js --entity playbooks --module playbooks\n- Detecting CRUD configuration...\n✔ Configuration detected\n- Generating test file...\n✔ Test file generated: playbooks-crud.test.js\n❌ Test execution failed: Command failed: npx jest /Users/san/Documents/PRD/heraerp-prd/tests/generated/playbooks-crud.test.js --verbose --no-coverage\n● Validation Error:\n\n  Test environment jest-environment-jsdom cannot be found. Make sure the testEnvironment configuration option points to an existing node module.\n\n  Configuration Documentation:\n  https://jestjs.io/docs/configuration\n\n\nAs of Jest 28 \"jest-environment-jsdom\" is no longer shipped by default, make sure to install it separately.\n\n"
    },
    {
      "module": "universal",
      "status": "FAILED",
      "error": "Command failed: node scripts/auto-test-crud.js --entity universal --module universal\n- Detecting CRUD configuration...\n✔ Configuration detected\n- Generating test file...\n✔ Test file generated: universal-crud.test.js\n❌ Test execution failed: Command failed: npx jest /Users/san/Documents/PRD/heraerp-prd/tests/generated/universal-crud.test.js --verbose --no-coverage\n● Validation Error:\n\n  Test environment jest-environment-jsdom cannot be found. Make sure the testEnvironment configuration option points to an existing node module.\n\n  Configuration Documentation:\n  https://jestjs.io/docs/configuration\n\n\nAs of Jest 28 \"jest-environment-jsdom\" is no longer shipped by default, make sure to install it separately.\n\n"
    },
    {
      "module": "universal-email",
      "status": "FAILED",
      "error": "Command failed: node scripts/auto-test-crud.js --entity universal_email --module universal-email\n- Detecting CRUD configuration...\n✔ Configuration detected\n- Generating test file...\n✔ Test file generated: universal-email-crud.test.js\n❌ Test execution failed: Command failed: npx jest /Users/san/Documents/PRD/heraerp-prd/tests/generated/universal-email-crud.test.js --verbose --no-coverage\n● Validation Error:\n\n  Test environment jest-environment-jsdom cannot be found. Make sure the testEnvironment configuration option points to an existing node module.\n\n  Configuration Documentation:\n  https://jestjs.io/docs/configuration\n\n\nAs of Jest 28 \"jest-environment-jsdom\" is no longer shipped by default, make sure to install it separately.\n\n"
    },
    {
      "module": "universal-ui",
      "status": "FAILED",
      "error": "Command failed: node scripts/auto-test-crud.js --entity universal_ui --module universal-ui\n- Detecting CRUD configuration...\n✔ Configuration detected\n- Generating test file...\n✔ Test file generated: universal-ui-crud.test.js\n❌ Test execution failed: Command failed: npx jest /Users/san/Documents/PRD/heraerp-prd/tests/generated/universal-ui-crud.test.js --verbose --no-coverage\n● Validation Error:\n\n  Test environment jest-environment-jsdom cannot be found. Make sure the testEnvironment configuration option points to an existing node module.\n\n  Configuration Documentation:\n  https://jestjs.io/docs/configuration\n\n\nAs of Jest 28 \"jest-environment-jsdom\" is no longer shipped by default, make sure to install it separately.\n\n"
    },
    {
      "module": "validations",
      "status": "FAILED",
      "error": "Command failed: node scripts/auto-test-crud.js --entity validations --module validations\n- Detecting CRUD configuration...\n✔ Configuration detected\n- Generating test file...\n✔ Test file generated: validations-crud.test.js\n❌ Test execution failed: Command failed: npx jest /Users/san/Documents/PRD/heraerp-prd/tests/generated/validations-crud.test.js --verbose --no-coverage\n● Validation Error:\n\n  Test environment jest-environment-jsdom cannot be found. Make sure the testEnvironment configuration option points to an existing node module.\n\n  Configuration Documentation:\n  https://jestjs.io/docs/configuration\n\n\nAs of Jest 28 \"jest-environment-jsdom\" is no longer shipped by default, make sure to install it separately.\n\n"
    }
  ]
}